  stdafx.cpp
  CSSO_HW1.cpp
e:\fii\csso\csso_hw1\csso_hw1\csso_hw1.cpp(30): warning C4996: 'scanf': This function or variable may be unsafe. Consider using scanf_s instead. To disable deprecation, use _CRT_SECURE_NO_WARNINGS. See online help for details.
  c:\program files (x86)\windows kits\10\include\10.0.10240.0\ucrt\stdio.h(1270): note: see declaration of 'scanf'
e:\fii\csso\csso_hw1\csso_hw1\csso_hw1.cpp(81): warning C4996: 'strdup': The POSIX name for this item is deprecated. Instead, use the ISO C and C++ conformant name: _strdup. See online help for details.
  c:\program files (x86)\windows kits\10\include\10.0.10240.0\ucrt\string.h(552): note: see declaration of 'strdup'
e:\fii\csso\csso_hw1\csso_hw1\csso_hw1.cpp(82): warning C4996: 'strcat': This function or variable may be unsafe. Consider using strcat_s instead. To disable deprecation, use _CRT_SECURE_NO_WARNINGS. See online help for details.
  c:\program files (x86)\windows kits\10\include\10.0.10240.0\ucrt\string.h(90): note: see declaration of 'strcat'
e:\fii\csso\csso_hw1\csso_hw1\csso_hw1.cpp(83): warning C4996: 'strcat': This function or variable may be unsafe. Consider using strcat_s instead. To disable deprecation, use _CRT_SECURE_NO_WARNINGS. See online help for details.
  c:\program files (x86)\windows kits\10\include\10.0.10240.0\ucrt\string.h(90): note: see declaration of 'strcat'
e:\fii\csso\csso_hw1\csso_hw1\csso_hw1.cpp(104): warning C4996: 'strcpy': This function or variable may be unsafe. Consider using strcpy_s instead. To disable deprecation, use _CRT_SECURE_NO_WARNINGS. See online help for details.
  c:\program files (x86)\windows kits\10\include\10.0.10240.0\ucrt\string.h(119): note: see declaration of 'strcpy'
e:\fii\csso\csso_hw1\csso_hw1\csso_hw1.cpp(105): warning C4996: 'strcat': This function or variable may be unsafe. Consider using strcat_s instead. To disable deprecation, use _CRT_SECURE_NO_WARNINGS. See online help for details.
  c:\program files (x86)\windows kits\10\include\10.0.10240.0\ucrt\string.h(90): note: see declaration of 'strcat'
e:\fii\csso\csso_hw1\csso_hw1\csso_hw1.cpp(106): warning C4996: 'strcat': This function or variable may be unsafe. Consider using strcat_s instead. To disable deprecation, use _CRT_SECURE_NO_WARNINGS. See online help for details.
  c:\program files (x86)\windows kits\10\include\10.0.10240.0\ucrt\string.h(90): note: see declaration of 'strcat'
e:\fii\csso\csso_hw1\csso_hw1\csso_hw1.cpp(120): warning C4002: too many actual parameters for macro 'TEXT'
e:\fii\csso\csso_hw1\csso_hw1\csso_hw1.cpp(129): warning C4002: too many actual parameters for macro 'TEXT'
e:\fii\csso\csso_hw1\csso_hw1\csso_hw1.cpp(151): warning C4002: too many actual parameters for macro 'TEXT'
e:\fii\csso\csso_hw1\csso_hw1\csso_hw1.cpp(160): warning C4002: too many actual parameters for macro 'TEXT'
e:\fii\csso\csso_hw1\csso_hw1\csso_hw1.cpp(120): warning C4473: 'printf' : not enough arguments passed for format string
  e:\fii\csso\csso_hw1\csso_hw1\csso_hw1.cpp(120): note: placeholders and their parameters expect 2 variadic arguments, but 0 were provided
  e:\fii\csso\csso_hw1\csso_hw1\csso_hw1.cpp(120): note: the missing variadic argument 1 is required by format string '%d'
e:\fii\csso\csso_hw1\csso_hw1\csso_hw1.cpp(129): warning C4473: 'printf' : not enough arguments passed for format string
  e:\fii\csso\csso_hw1\csso_hw1\csso_hw1.cpp(129): note: placeholders and their parameters expect 3 variadic arguments, but 0 were provided
  e:\fii\csso\csso_hw1\csso_hw1\csso_hw1.cpp(129): note: the missing variadic argument 1 is required by format string '%d'
e:\fii\csso\csso_hw1\csso_hw1\csso_hw1.cpp(151): warning C4473: 'printf' : not enough arguments passed for format string
  e:\fii\csso\csso_hw1\csso_hw1\csso_hw1.cpp(151): note: placeholders and their parameters expect 2 variadic arguments, but 0 were provided
  e:\fii\csso\csso_hw1\csso_hw1\csso_hw1.cpp(151): note: the missing variadic argument 1 is required by format string '%d'
e:\fii\csso\csso_hw1\csso_hw1\csso_hw1.cpp(160): warning C4473: 'printf' : not enough arguments passed for format string
  e:\fii\csso\csso_hw1\csso_hw1\csso_hw1.cpp(160): note: placeholders and their parameters expect 4 variadic arguments, but 0 were provided
  e:\fii\csso\csso_hw1\csso_hw1\csso_hw1.cpp(160): note: the missing variadic argument 1 is required by format string '%s'
e:\fii\csso\csso_hw1\csso_hw1\csso_hw1.cpp(170): warning C4002: too many actual parameters for macro 'TEXT'
e:\fii\csso\csso_hw1\csso_hw1\csso_hw1.cpp(170): warning C4473: 'printf' : not enough arguments passed for format string
  e:\fii\csso\csso_hw1\csso_hw1\csso_hw1.cpp(170): note: placeholders and their parameters expect 4 variadic arguments, but 0 were provided
  e:\fii\csso\csso_hw1\csso_hw1\csso_hw1.cpp(170): note: the missing variadic argument 1 is required by format string '%s'
e:\fii\csso\csso_hw1\csso_hw1\csso_hw1.cpp(56): warning C4715: 'getParent': not all control paths return a value
  CSSO HW1.vcxproj -> E:\FII\CSSO\CSSO_HW1\CSSO_HW1\Debug\CSSO_HW1.exe
